2022-11-23 11:25:01.380  INFO 15652 --- [main] c.e.s.controller.PurchaseControllerTest  : Starting PurchaseControllerTest using Java 18.0.2.1 on gautam-pc with PID 15652 (started by gautamjjoshi in C:\Users\gautamjjoshi\IdeaProjects\SpringGraphqlDemo)
2022-11-23 11:25:01.382  INFO 15652 --- [main] c.e.s.controller.PurchaseControllerTest  : No active profile set, falling back to 1 default profile: "default"
2022-11-23 11:25:03.331  INFO 15652 --- [main] c.e.s.controller.PurchaseControllerTest  : Started PurchaseControllerTest in 2.449 seconds (JVM running for 3.6)
2022-11-23 11:25:03.818  INFO 15652 --- [main] .b.t.c.SpringBootTestContextBootstrapper : Neither @ContextConfiguration nor @ContextHierarchy found for test class [com.example.springgraphqldemo.SpringGraphqlDemoApplicationTests], using SpringBootContextLoader
2022-11-23 11:25:03.820  INFO 15652 --- [main] o.s.t.c.support.AbstractContextLoader    : Could not detect default resource locations for test class [com.example.springgraphqldemo.SpringGraphqlDemoApplicationTests]: no resource found for suffixes {-context.xml, Context.groovy}.
2022-11-23 11:25:03.820  INFO 15652 --- [main] t.c.s.AnnotationConfigContextLoaderUtils : Could not detect default configuration classes for test class [com.example.springgraphqldemo.SpringGraphqlDemoApplicationTests]: SpringGraphqlDemoApplicationTests does not declare any static, non-private, non-final, nested classes annotated with @Configuration.
2022-11-23 11:25:03.830  INFO 15652 --- [main] .b.t.c.SpringBootTestContextBootstrapper : Found @SpringBootConfiguration com.example.springgraphqldemo.SpringGraphqlDemoApplication for test class com.example.springgraphqldemo.SpringGraphqlDemoApplicationTests
2022-11-23 11:25:03.835  INFO 15652 --- [main] .b.t.c.SpringBootTestContextBootstrapper : Loaded default TestExecutionListener class names from location [META-INF/spring.factories]: [org.springframework.boot.test.mock.mockito.MockitoTestExecutionListener, org.springframework.boot.test.mock.mockito.ResetMocksTestExecutionListener, org.springframework.boot.test.autoconfigure.restdocs.RestDocsTestExecutionListener, org.springframework.boot.test.autoconfigure.web.client.MockRestServiceServerResetTestExecutionListener, org.springframework.boot.test.autoconfigure.web.servlet.MockMvcPrintOnlyOnFailureTestExecutionListener, org.springframework.boot.test.autoconfigure.web.servlet.WebDriverTestExecutionListener, org.springframework.boot.test.autoconfigure.webservices.client.MockWebServiceServerTestExecutionListener, org.springframework.test.context.web.ServletTestExecutionListener, org.springframework.test.context.support.DirtiesContextBeforeModesTestExecutionListener, org.springframework.test.context.event.ApplicationEventsTestExecutionListener, org.springframework.test.context.support.DependencyInjectionTestExecutionListener, org.springframework.test.context.support.DirtiesContextTestExecutionListener, org.springframework.test.context.transaction.TransactionalTestExecutionListener, org.springframework.test.context.jdbc.SqlScriptsTestExecutionListener, org.springframework.test.context.event.EventPublishingTestExecutionListener]
2022-11-23 11:25:03.836  INFO 15652 --- [main] .b.t.c.SpringBootTestContextBootstrapper : Using TestExecutionListeners: [org.springframework.test.context.web.ServletTestExecutionListener@3193e21d, org.springframework.test.context.support.DirtiesContextBeforeModesTestExecutionListener@79604abe, org.springframework.test.context.event.ApplicationEventsTestExecutionListener@6b126187, org.springframework.boot.test.mock.mockito.MockitoTestExecutionListener@2b6262bc, org.springframework.boot.test.autoconfigure.SpringBootDependencyInjectionTestExecutionListener@5cffec7, org.springframework.test.context.support.DirtiesContextTestExecutionListener@7e81617a, org.springframework.test.context.transaction.TransactionalTestExecutionListener@6e73974, org.springframework.test.context.jdbc.SqlScriptsTestExecutionListener@3e28dc96, org.springframework.test.context.event.EventPublishingTestExecutionListener@44eb2452, org.springframework.boot.test.mock.mockito.ResetMocksTestExecutionListener@31940704, org.springframework.boot.test.autoconfigure.restdocs.RestDocsTestExecutionListener@e07b4db, org.springframework.boot.test.autoconfigure.web.client.MockRestServiceServerResetTestExecutionListener@76b305e1, org.springframework.boot.test.autoconfigure.web.servlet.MockMvcPrintOnlyOnFailureTestExecutionListener@6be766d1, org.springframework.boot.test.autoconfigure.web.servlet.WebDriverTestExecutionListener@7adae08e, org.springframework.boot.test.autoconfigure.webservices.client.MockWebServiceServerTestExecutionListener@49c83262]
2022-11-23 11:25:03.890  INFO 15652 --- [main] c.e.s.SpringGraphqlDemoApplicationTests  : Starting SpringGraphqlDemoApplicationTests using Java 18.0.2.1 on gautam-pc with PID 15652 (started by gautamjjoshi in C:\Users\gautamjjoshi\IdeaProjects\SpringGraphqlDemo)
2022-11-23 11:25:03.890  INFO 15652 --- [main] c.e.s.SpringGraphqlDemoApplicationTests  : No active profile set, falling back to 1 default profile: "default"
2022-11-23 11:25:04.450  INFO 15652 --- [main] .s.d.r.c.RepositoryConfigurationDelegate : Bootstrapping Spring Data JPA repositories in DEFAULT mode.
2022-11-23 11:25:04.565  INFO 15652 --- [main] .s.d.r.c.RepositoryConfigurationDelegate : Finished Spring Data repository scanning in 101 ms. Found 2 JPA repository interfaces.
2022-11-23 11:25:04.944  INFO 15652 --- [main] com.zaxxer.hikari.HikariDataSource       : HikariPool-1 - Starting...
2022-11-23 11:25:05.183  INFO 15652 --- [main] com.zaxxer.hikari.HikariDataSource       : HikariPool-1 - Start completed.
2022-11-23 11:25:05.451  INFO 15652 --- [main] o.hibernate.jpa.internal.util.LogHelper  : HHH000204: Processing PersistenceUnitInfo [name: default]
2022-11-23 11:25:05.548  INFO 15652 --- [main] org.hibernate.Version                    : HHH000412: Hibernate ORM core version 5.6.12.Final
2022-11-23 11:25:05.610  INFO 15652 --- [main] o.hibernate.annotations.common.Version   : HCANN000001: Hibernate Commons Annotations {5.1.2.Final}
2022-11-23 11:25:05.788  INFO 15652 --- [main] org.hibernate.dialect.Dialect            : HHH000400: Using dialect: org.hibernate.dialect.H2Dialect
2022-11-23 11:25:06.511  INFO 15652 --- [main] o.h.e.t.j.p.i.JtaPlatformInitiator       : HHH000490: Using JtaPlatform implementation: [org.hibernate.engine.transaction.jta.platform.internal.NoJtaPlatform]
2022-11-23 11:25:06.521  INFO 15652 --- [main] j.LocalContainerEntityManagerFactoryBean : Initialized JPA EntityManagerFactory for persistence unit 'default'
2022-11-23 11:25:07.406  WARN 15652 --- [main] JpaBaseConfiguration$JpaWebConfiguration : spring.jpa.open-in-view is enabled by default. Therefore, database queries may be performed during view rendering. Explicitly configure spring.jpa.open-in-view to disable this warning
2022-11-23 11:25:07.614  INFO 15652 --- [main] o.s.b.a.h2.H2ConsoleAutoConfiguration    : H2 console available at '/h2-console'. Database available at 'jdbc:h2:mem:testdb'
2022-11-23 11:25:07.791  INFO 15652 --- [main] s.b.a.g.s.GraphQlWebMvcAutoConfiguration : GraphQL endpoint HTTP POST /graphql
2022-11-23 11:25:08.056  INFO 15652 --- [main] c.e.s.SpringGraphqlDemoApplicationTests  : Started SpringGraphqlDemoApplicationTests in 4.207 seconds (JVM running for 8.325)
2022-11-23 11:25:08.097  INFO 15652 --- [SpringApplicationShutdownHook] j.LocalContainerEntityManagerFactoryBean : Closing JPA EntityManagerFactory for persistence unit 'default'
2022-11-23 11:25:08.101  INFO 15652 --- [SpringApplicationShutdownHook] com.zaxxer.hikari.HikariDataSource       : HikariPool-1 - Shutdown initiated...
2022-11-23 11:25:08.103  INFO 15652 --- [SpringApplicationShutdownHook] com.zaxxer.hikari.HikariDataSource       : HikariPool-1 - Shutdown completed.
